<?xml version="1.0" encoding="UTF-8"?>
<!-- Generated by org.testng.reporters.JUnitReportReporter -->
<testsuite hostname="THSLT10093" name="excel_Library.testCases" tests="1" failures="0" timestamp="6 Jan 2020 11:50:40 GMT" time="0.012" errors="0">
  <testcase name="test1" time="0.012" classname="excel_Library.testCases"/>
</testsuite> <!-- excel_Library.testCases -->
